<?xml version="1.0" encoding="UTF-8"?>
<testsuite xmlns:xsi="http://www.w3.org/2001/XMLSchema-instance" xsi:noNamespaceSchemaLocation="https://maven.apache.org/surefire/maven-surefire-plugin/xsd/surefire-test-report.xsd" version="3.0.2" name="aaron.coin_calculator.api.CoinCalculatorTest" time="0.055" tests="7" errors="0" skipped="0" failures="0">
  <properties>
    <property name="java.specification.version" value="17"/>
    <property name="sun.cpu.isalist" value="amd64"/>
    <property name="sun.jnu.encoding" value="Cp1252"/>
    <property name="java.class.path" value="C:\Users\ASUS\Desktop\Oracle Intern\coin_calculator\target\test-classes;C:\Users\ASUS\Desktop\Oracle Intern\coin_calculator\target\classes;C:\Users\ASUS\.m2\repository\io\dropwizard\dropwizard-core\4.0.10\dropwizard-core-4.0.10.jar;C:\Users\ASUS\.m2\repository\io\dropwizard\dropwizard-util\4.0.10\dropwizard-util-4.0.10.jar;C:\Users\ASUS\.m2\repository\io\dropwizard\dropwizard-jackson\4.0.10\dropwizard-jackson-4.0.10.jar;C:\Users\ASUS\.m2\repository\com\google\guava\guava\33.3.1-jre\guava-33.3.1-jre.jar;C:\Users\ASUS\.m2\repository\com\google\guava\failureaccess\1.0.2\failureaccess-1.0.2.jar;C:\Users\ASUS\.m2\repository\com\google\guava\listenablefuture\9999.0-empty-to-avoid-conflict-with-guava\listenablefuture-9999.0-empty-to-avoid-conflict-with-guava.jar;C:\Users\ASUS\.m2\repository\com\google\j2objc\j2objc-annotations\3.0.0\j2objc-annotations-3.0.0.jar;C:\Users\ASUS\.m2\repository\com\github\ben-manes\caffeine\caffeine\3.1.8\caffeine-3.1.8.jar;C:\Users\ASUS\.m2\repository\com\fasterxml\jackson\core\jackson-core\2.17.2\jackson-core-2.17.2.jar;C:\Users\ASUS\.m2\repository\com\fasterxml\jackson\datatype\jackson-datatype-guava\2.17.2\jackson-datatype-guava-2.17.2.jar;C:\Users\ASUS\.m2\repository\com\fasterxml\jackson\datatype\jackson-datatype-jsr310\2.17.2\jackson-datatype-jsr310-2.17.2.jar;C:\Users\ASUS\.m2\repository\com\fasterxml\jackson\datatype\jackson-datatype-jdk8\2.17.2\jackson-datatype-jdk8-2.17.2.jar;C:\Users\ASUS\.m2\repository\com\fasterxml\jackson\module\jackson-module-parameter-names\2.17.2\jackson-module-parameter-names-2.17.2.jar;C:\Users\ASUS\.m2\repository\com\fasterxml\jackson\module\jackson-module-blackbird\2.17.2\jackson-module-blackbird-2.17.2.jar;C:\Users\ASUS\.m2\repository\io\dropwizard\dropwizard-validation\4.0.10\dropwizard-validation-4.0.10.jar;C:\Users\ASUS\.m2\repository\org\glassfish\jakarta.el\4.0.2\jakarta.el-4.0.2.jar;C:\Users\ASUS\.m2\repository\jakarta\el\jakarta.el-api\4.0.0\jakarta.el-api-4.0.0.jar;C:\Users\ASUS\.m2\repository\io\dropwizard\dropwizard-configuration\4.0.10\dropwizard-configuration-4.0.10.jar;C:\Users\ASUS\.m2\repository\com\fasterxml\jackson\dataformat\jackson-dataformat-yaml\2.17.2\jackson-dataformat-yaml-2.17.2.jar;C:\Users\ASUS\.m2\repository\org\yaml\snakeyaml\2.2\snakeyaml-2.2.jar;C:\Users\ASUS\.m2\repository\org\apache\commons\commons-text\1.12.0\commons-text-1.12.0.jar;C:\Users\ASUS\.m2\repository\org\apache\commons\commons-lang3\3.17.0\commons-lang3-3.17.0.jar;C:\Users\ASUS\.m2\repository\io\dropwizard\dropwizard-logging\4.0.10\dropwizard-logging-4.0.10.jar;C:\Users\ASUS\.m2\repository\io\dropwizard\metrics\metrics-logback\4.2.28\metrics-logback-4.2.28.jar;C:\Users\ASUS\.m2\repository\org\slf4j\jul-to-slf4j\2.0.16\jul-to-slf4j-2.0.16.jar;C:\Users\ASUS\.m2\repository\ch\qos\logback\logback-core\1.4.14\logback-core-1.4.14.jar;C:\Users\ASUS\.m2\repository\com\google\errorprone\error_prone_annotations\2.31.0\error_prone_annotations-2.31.0.jar;C:\Users\ASUS\.m2\repository\io\dropwizard\logback\logback-throttling-appender\1.4.2\logback-throttling-appender-1.4.2.jar;C:\Users\ASUS\.m2\repository\org\slf4j\log4j-over-slf4j\2.0.16\log4j-over-slf4j-2.0.16.jar;C:\Users\ASUS\.m2\repository\org\slf4j\jcl-over-slf4j\2.0.16\jcl-over-slf4j-2.0.16.jar;C:\Users\ASUS\.m2\repository\io\dropwizard\dropwizard-metrics\4.0.10\dropwizard-metrics-4.0.10.jar;C:\Users\ASUS\.m2\repository\io\dropwizard\dropwizard-jersey\4.0.10\dropwizard-jersey-4.0.10.jar;C:\Users\ASUS\.m2\repository\org\glassfish\jersey\core\jersey-server\3.0.16\jersey-server-3.0.16.jar;C:\Users\ASUS\.m2\repository\org\glassfish\jersey\ext\jersey-metainf-services\3.0.16\jersey-metainf-services-3.0.16.jar;C:\Users\ASUS\.m2\repository\org\glassfish\jersey\inject\jersey-hk2\3.0.16\jersey-hk2-3.0.16.jar;C:\Users\ASUS\.m2\repository\org\glassfish\hk2\hk2-locator\3.0.6\hk2-locator-3.0.6.jar;C:\Users\ASUS\.m2\repository\org\javassist\javassist\3.30.2-GA\javassist-3.30.2-GA.jar;C:\Users\ASUS\.m2\repository\io\dropwizard\metrics\metrics-jersey3\4.2.28\metrics-jersey3-4.2.28.jar;C:\Users\ASUS\.m2\repository\com\fasterxml\jackson\jakarta\rs\jackson-jakarta-rs-json-provider\2.17.2\jackson-jakarta-rs-json-provider-2.17.2.jar;C:\Users\ASUS\.m2\repository\com\fasterxml\jackson\jakarta\rs\jackson-jakarta-rs-base\2.17.2\jackson-jakarta-rs-base-2.17.2.jar;C:\Users\ASUS\.m2\repository\com\fasterxml\jackson\module\jackson-module-jakarta-xmlbind-annotations\2.17.2\jackson-module-jakarta-xmlbind-annotations-2.17.2.jar;C:\Users\ASUS\.m2\repository\jakarta\xml\bind\jakarta.xml.bind-api\3.0.1\jakarta.xml.bind-api-3.0.1.jar;C:\Users\ASUS\.m2\repository\com\sun\activation\jakarta.activation\2.0.1\jakarta.activation-2.0.1.jar;C:\Users\ASUS\.m2\repository\jakarta\activation\jakarta.activation-api\2.0.1\jakarta.activation-api-2.0.1.jar;C:\Users\ASUS\.m2\repository\jakarta\annotation\jakarta.annotation-api\2.0.0\jakarta.annotation-api-2.0.0.jar;C:\Users\ASUS\.m2\repository\org\glassfish\hk2\hk2-api\3.0.6\hk2-api-3.0.6.jar;C:\Users\ASUS\.m2\repository\org\glassfish\hk2\hk2-utils\3.0.6\hk2-utils-3.0.6.jar;C:\Users\ASUS\.m2\repository\org\glassfish\hk2\external\aopalliance-repackaged\3.0.6\aopalliance-repackaged-3.0.6.jar;C:\Users\ASUS\.m2\repository\org\glassfish\jersey\containers\jersey-container-servlet\3.0.16\jersey-container-servlet-3.0.16.jar;C:\Users\ASUS\.m2\repository\org\glassfish\jersey\containers\jersey-container-servlet-core\3.0.16\jersey-container-servlet-core-3.0.16.jar;C:\Users\ASUS\.m2\repository\org\eclipse\jetty\jetty-io\11.0.24\jetty-io-11.0.24.jar;C:\Users\ASUS\.m2\repository\io\dropwizard\dropwizard-servlets\4.0.10\dropwizard-servlets-4.0.10.jar;C:\Users\ASUS\.m2\repository\io\dropwizard\dropwizard-jetty\4.0.10\dropwizard-jetty-4.0.10.jar;C:\Users\ASUS\.m2\repository\org\eclipse\jetty\jetty-servlets\11.0.24\jetty-servlets-11.0.24.jar;C:\Users\ASUS\.m2\repository\org\eclipse\jetty\jetty-http\11.0.24\jetty-http-11.0.24.jar;C:\Users\ASUS\.m2\repository\io\dropwizard\dropwizard-lifecycle\4.0.10\dropwizard-lifecycle-4.0.10.jar;C:\Users\ASUS\.m2\repository\io\dropwizard\dropwizard-health\4.0.10\dropwizard-health-4.0.10.jar;C:\Users\ASUS\.m2\repository\org\glassfish\jersey\core\jersey-client\3.0.16\jersey-client-3.0.16.jar;C:\Users\ASUS\.m2\repository\io\dropwizard\metrics\metrics-core\4.2.28\metrics-core-4.2.28.jar;C:\Users\ASUS\.m2\repository\io\dropwizard\metrics\metrics-jetty11\4.2.28\metrics-jetty11-4.2.28.jar;C:\Users\ASUS\.m2\repository\io\dropwizard\metrics\metrics-annotation\4.2.28\metrics-annotation-4.2.28.jar;C:\Users\ASUS\.m2\repository\io\dropwizard\metrics\metrics-jvm\4.2.28\metrics-jvm-4.2.28.jar;C:\Users\ASUS\.m2\repository\io\dropwizard\metrics\metrics-jmx\4.2.28\metrics-jmx-4.2.28.jar;C:\Users\ASUS\.m2\repository\io\dropwizard\metrics\metrics-jakarta-servlets\4.2.28\metrics-jakarta-servlets-4.2.28.jar;C:\Users\ASUS\.m2\repository\io\dropwizard\metrics\metrics-json\4.2.28\metrics-json-4.2.28.jar;C:\Users\ASUS\.m2\repository\com\helger\profiler\1.1.1\profiler-1.1.1.jar;C:\Users\ASUS\.m2\repository\io\dropwizard\metrics\metrics-healthchecks\4.2.28\metrics-healthchecks-4.2.28.jar;C:\Users\ASUS\.m2\repository\io\dropwizard\dropwizard-request-logging\4.0.10\dropwizard-request-logging-4.0.10.jar;C:\Users\ASUS\.m2\repository\ch\qos\logback\logback-access\1.4.14\logback-access-1.4.14.jar;C:\Users\ASUS\.m2\repository\ch\qos\logback\logback-classic\1.4.14\logback-classic-1.4.14.jar;C:\Users\ASUS\.m2\repository\com\fasterxml\jackson\core\jackson-databind\2.17.2\jackson-databind-2.17.2.jar;C:\Users\ASUS\.m2\repository\org\checkerframework\checker-qual\3.48.1\checker-qual-3.48.1.jar;C:\Users\ASUS\.m2\repository\jakarta\servlet\jakarta.servlet-api\5.0.0\jakarta.servlet-api-5.0.0.jar;C:\Users\ASUS\.m2\repository\jakarta\ws\rs\jakarta.ws.rs-api\3.0.0\jakarta.ws.rs-api-3.0.0.jar;C:\Users\ASUS\.m2\repository\net\sourceforge\argparse4j\argparse4j\0.9.0\argparse4j-0.9.0.jar;C:\Users\ASUS\.m2\repository\org\eclipse\jetty\jetty-security\11.0.24\jetty-security-11.0.24.jar;C:\Users\ASUS\.m2\repository\org\eclipse\jetty\jetty-server\11.0.24\jetty-server-11.0.24.jar;C:\Users\ASUS\.m2\repository\org\eclipse\jetty\jetty-servlet\11.0.24\jetty-servlet-11.0.24.jar;C:\Users\ASUS\.m2\repository\org\eclipse\jetty\jetty-util\11.0.24\jetty-util-11.0.24.jar;C:\Users\ASUS\.m2\repository\org\eclipse\jetty\toolchain\setuid\jetty-setuid-java\1.0.4\jetty-setuid-java-1.0.4.jar;C:\Users\ASUS\.m2\repository\jakarta\inject\jakarta.inject-api\2.0.1.MR\jakarta.inject-api-2.0.1.MR.jar;C:\Users\ASUS\.m2\repository\org\glassfish\jersey\core\jersey-common\3.0.16\jersey-common-3.0.16.jar;C:\Users\ASUS\.m2\repository\org\glassfish\hk2\osgi-resource-locator\1.0.3\osgi-resource-locator-1.0.3.jar;C:\Users\ASUS\.m2\repository\org\glassfish\jersey\ext\jersey-bean-validation\3.0.16\jersey-bean-validation-3.0.16.jar;C:\Users\ASUS\.m2\repository\org\slf4j\slf4j-api\2.0.16\slf4j-api-2.0.16.jar;C:\Users\ASUS\.m2\repository\com\fasterxml\jackson\core\jackson-annotations\2.17.2\jackson-annotations-2.17.2.jar;C:\Users\ASUS\.m2\repository\jakarta\validation\jakarta.validation-api\3.0.2\jakarta.validation-api-3.0.2.jar;C:\Users\ASUS\.m2\repository\org\hibernate\validator\hibernate-validator\7.0.5.Final\hibernate-validator-7.0.5.Final.jar;C:\Users\ASUS\.m2\repository\org\jboss\logging\jboss-logging\3.6.1.Final\jboss-logging-3.6.1.Final.jar;C:\Users\ASUS\.m2\repository\com\fasterxml\classmate\1.7.0\classmate-1.7.0.jar;C:\Users\ASUS\.m2\repository\org\junit\jupiter\junit-jupiter\5.11.4\junit-jupiter-5.11.4.jar;C:\Users\ASUS\.m2\repository\org\junit\jupiter\junit-jupiter-api\5.11.3\junit-jupiter-api-5.11.3.jar;C:\Users\ASUS\.m2\repository\org\opentest4j\opentest4j\1.3.0\opentest4j-1.3.0.jar;C:\Users\ASUS\.m2\repository\org\junit\platform\junit-platform-commons\1.11.3\junit-platform-commons-1.11.3.jar;C:\Users\ASUS\.m2\repository\org\apiguardian\apiguardian-api\1.1.2\apiguardian-api-1.1.2.jar;C:\Users\ASUS\.m2\repository\org\junit\jupiter\junit-jupiter-params\5.11.3\junit-jupiter-params-5.11.3.jar;C:\Users\ASUS\.m2\repository\org\junit\jupiter\junit-jupiter-engine\5.11.3\junit-jupiter-engine-5.11.3.jar;C:\Users\ASUS\.m2\repository\org\junit\platform\junit-platform-engine\1.11.3\junit-platform-engine-1.11.3.jar;"/>
    <property name="java.vm.vendor" value="Oracle Corporation"/>
    <property name="sun.arch.data.model" value="64"/>
    <property name="user.variant" value=""/>
    <property name="java.vendor.url" value="https://java.oracle.com/"/>
    <property name="user.timezone" value="Asia/Singapore"/>
    <property name="os.name" value="Windows 11"/>
    <property name="java.vm.specification.version" value="17"/>
    <property name="sun.java.launcher" value="SUN_STANDARD"/>
    <property name="user.country" value="SG"/>
    <property name="sun.boot.library.path" value="C:\Program Files\Java\jdk-17\bin"/>
    <property name="sun.java.command" value="C:\Users\ASUS\AppData\Local\Temp\surefire8812379052274662108\surefirebooter-20250106220026480_3.jar C:\Users\ASUS\AppData\Local\Temp\surefire8812379052274662108 2025-01-06T22-00-25_671-jvmRun1 surefire-20250106220026480_1tmp surefire_0-20250106220026480_2tmp"/>
    <property name="jdk.debug" value="release"/>
    <property name="surefire.test.class.path" value="C:\Users\ASUS\Desktop\Oracle Intern\coin_calculator\target\test-classes;C:\Users\ASUS\Desktop\Oracle Intern\coin_calculator\target\classes;C:\Users\ASUS\.m2\repository\io\dropwizard\dropwizard-core\4.0.10\dropwizard-core-4.0.10.jar;C:\Users\ASUS\.m2\repository\io\dropwizard\dropwizard-util\4.0.10\dropwizard-util-4.0.10.jar;C:\Users\ASUS\.m2\repository\io\dropwizard\dropwizard-jackson\4.0.10\dropwizard-jackson-4.0.10.jar;C:\Users\ASUS\.m2\repository\com\google\guava\guava\33.3.1-jre\guava-33.3.1-jre.jar;C:\Users\ASUS\.m2\repository\com\google\guava\failureaccess\1.0.2\failureaccess-1.0.2.jar;C:\Users\ASUS\.m2\repository\com\google\guava\listenablefuture\9999.0-empty-to-avoid-conflict-with-guava\listenablefuture-9999.0-empty-to-avoid-conflict-with-guava.jar;C:\Users\ASUS\.m2\repository\com\google\j2objc\j2objc-annotations\3.0.0\j2objc-annotations-3.0.0.jar;C:\Users\ASUS\.m2\repository\com\github\ben-manes\caffeine\caffeine\3.1.8\caffeine-3.1.8.jar;C:\Users\ASUS\.m2\repository\com\fasterxml\jackson\core\jackson-core\2.17.2\jackson-core-2.17.2.jar;C:\Users\ASUS\.m2\repository\com\fasterxml\jackson\datatype\jackson-datatype-guava\2.17.2\jackson-datatype-guava-2.17.2.jar;C:\Users\ASUS\.m2\repository\com\fasterxml\jackson\datatype\jackson-datatype-jsr310\2.17.2\jackson-datatype-jsr310-2.17.2.jar;C:\Users\ASUS\.m2\repository\com\fasterxml\jackson\datatype\jackson-datatype-jdk8\2.17.2\jackson-datatype-jdk8-2.17.2.jar;C:\Users\ASUS\.m2\repository\com\fasterxml\jackson\module\jackson-module-parameter-names\2.17.2\jackson-module-parameter-names-2.17.2.jar;C:\Users\ASUS\.m2\repository\com\fasterxml\jackson\module\jackson-module-blackbird\2.17.2\jackson-module-blackbird-2.17.2.jar;C:\Users\ASUS\.m2\repository\io\dropwizard\dropwizard-validation\4.0.10\dropwizard-validation-4.0.10.jar;C:\Users\ASUS\.m2\repository\org\glassfish\jakarta.el\4.0.2\jakarta.el-4.0.2.jar;C:\Users\ASUS\.m2\repository\jakarta\el\jakarta.el-api\4.0.0\jakarta.el-api-4.0.0.jar;C:\Users\ASUS\.m2\repository\io\dropwizard\dropwizard-configuration\4.0.10\dropwizard-configuration-4.0.10.jar;C:\Users\ASUS\.m2\repository\com\fasterxml\jackson\dataformat\jackson-dataformat-yaml\2.17.2\jackson-dataformat-yaml-2.17.2.jar;C:\Users\ASUS\.m2\repository\org\yaml\snakeyaml\2.2\snakeyaml-2.2.jar;C:\Users\ASUS\.m2\repository\org\apache\commons\commons-text\1.12.0\commons-text-1.12.0.jar;C:\Users\ASUS\.m2\repository\org\apache\commons\commons-lang3\3.17.0\commons-lang3-3.17.0.jar;C:\Users\ASUS\.m2\repository\io\dropwizard\dropwizard-logging\4.0.10\dropwizard-logging-4.0.10.jar;C:\Users\ASUS\.m2\repository\io\dropwizard\metrics\metrics-logback\4.2.28\metrics-logback-4.2.28.jar;C:\Users\ASUS\.m2\repository\org\slf4j\jul-to-slf4j\2.0.16\jul-to-slf4j-2.0.16.jar;C:\Users\ASUS\.m2\repository\ch\qos\logback\logback-core\1.4.14\logback-core-1.4.14.jar;C:\Users\ASUS\.m2\repository\com\google\errorprone\error_prone_annotations\2.31.0\error_prone_annotations-2.31.0.jar;C:\Users\ASUS\.m2\repository\io\dropwizard\logback\logback-throttling-appender\1.4.2\logback-throttling-appender-1.4.2.jar;C:\Users\ASUS\.m2\repository\org\slf4j\log4j-over-slf4j\2.0.16\log4j-over-slf4j-2.0.16.jar;C:\Users\ASUS\.m2\repository\org\slf4j\jcl-over-slf4j\2.0.16\jcl-over-slf4j-2.0.16.jar;C:\Users\ASUS\.m2\repository\io\dropwizard\dropwizard-metrics\4.0.10\dropwizard-metrics-4.0.10.jar;C:\Users\ASUS\.m2\repository\io\dropwizard\dropwizard-jersey\4.0.10\dropwizard-jersey-4.0.10.jar;C:\Users\ASUS\.m2\repository\org\glassfish\jersey\core\jersey-server\3.0.16\jersey-server-3.0.16.jar;C:\Users\ASUS\.m2\repository\org\glassfish\jersey\ext\jersey-metainf-services\3.0.16\jersey-metainf-services-3.0.16.jar;C:\Users\ASUS\.m2\repository\org\glassfish\jersey\inject\jersey-hk2\3.0.16\jersey-hk2-3.0.16.jar;C:\Users\ASUS\.m2\repository\org\glassfish\hk2\hk2-locator\3.0.6\hk2-locator-3.0.6.jar;C:\Users\ASUS\.m2\repository\org\javassist\javassist\3.30.2-GA\javassist-3.30.2-GA.jar;C:\Users\ASUS\.m2\repository\io\dropwizard\metrics\metrics-jersey3\4.2.28\metrics-jersey3-4.2.28.jar;C:\Users\ASUS\.m2\repository\com\fasterxml\jackson\jakarta\rs\jackson-jakarta-rs-json-provider\2.17.2\jackson-jakarta-rs-json-provider-2.17.2.jar;C:\Users\ASUS\.m2\repository\com\fasterxml\jackson\jakarta\rs\jackson-jakarta-rs-base\2.17.2\jackson-jakarta-rs-base-2.17.2.jar;C:\Users\ASUS\.m2\repository\com\fasterxml\jackson\module\jackson-module-jakarta-xmlbind-annotations\2.17.2\jackson-module-jakarta-xmlbind-annotations-2.17.2.jar;C:\Users\ASUS\.m2\repository\jakarta\xml\bind\jakarta.xml.bind-api\3.0.1\jakarta.xml.bind-api-3.0.1.jar;C:\Users\ASUS\.m2\repository\com\sun\activation\jakarta.activation\2.0.1\jakarta.activation-2.0.1.jar;C:\Users\ASUS\.m2\repository\jakarta\activation\jakarta.activation-api\2.0.1\jakarta.activation-api-2.0.1.jar;C:\Users\ASUS\.m2\repository\jakarta\annotation\jakarta.annotation-api\2.0.0\jakarta.annotation-api-2.0.0.jar;C:\Users\ASUS\.m2\repository\org\glassfish\hk2\hk2-api\3.0.6\hk2-api-3.0.6.jar;C:\Users\ASUS\.m2\repository\org\glassfish\hk2\hk2-utils\3.0.6\hk2-utils-3.0.6.jar;C:\Users\ASUS\.m2\repository\org\glassfish\hk2\external\aopalliance-repackaged\3.0.6\aopalliance-repackaged-3.0.6.jar;C:\Users\ASUS\.m2\repository\org\glassfish\jersey\containers\jersey-container-servlet\3.0.16\jersey-container-servlet-3.0.16.jar;C:\Users\ASUS\.m2\repository\org\glassfish\jersey\containers\jersey-container-servlet-core\3.0.16\jersey-container-servlet-core-3.0.16.jar;C:\Users\ASUS\.m2\repository\org\eclipse\jetty\jetty-io\11.0.24\jetty-io-11.0.24.jar;C:\Users\ASUS\.m2\repository\io\dropwizard\dropwizard-servlets\4.0.10\dropwizard-servlets-4.0.10.jar;C:\Users\ASUS\.m2\repository\io\dropwizard\dropwizard-jetty\4.0.10\dropwizard-jetty-4.0.10.jar;C:\Users\ASUS\.m2\repository\org\eclipse\jetty\jetty-servlets\11.0.24\jetty-servlets-11.0.24.jar;C:\Users\ASUS\.m2\repository\org\eclipse\jetty\jetty-http\11.0.24\jetty-http-11.0.24.jar;C:\Users\ASUS\.m2\repository\io\dropwizard\dropwizard-lifecycle\4.0.10\dropwizard-lifecycle-4.0.10.jar;C:\Users\ASUS\.m2\repository\io\dropwizard\dropwizard-health\4.0.10\dropwizard-health-4.0.10.jar;C:\Users\ASUS\.m2\repository\org\glassfish\jersey\core\jersey-client\3.0.16\jersey-client-3.0.16.jar;C:\Users\ASUS\.m2\repository\io\dropwizard\metrics\metrics-core\4.2.28\metrics-core-4.2.28.jar;C:\Users\ASUS\.m2\repository\io\dropwizard\metrics\metrics-jetty11\4.2.28\metrics-jetty11-4.2.28.jar;C:\Users\ASUS\.m2\repository\io\dropwizard\metrics\metrics-annotation\4.2.28\metrics-annotation-4.2.28.jar;C:\Users\ASUS\.m2\repository\io\dropwizard\metrics\metrics-jvm\4.2.28\metrics-jvm-4.2.28.jar;C:\Users\ASUS\.m2\repository\io\dropwizard\metrics\metrics-jmx\4.2.28\metrics-jmx-4.2.28.jar;C:\Users\ASUS\.m2\repository\io\dropwizard\metrics\metrics-jakarta-servlets\4.2.28\metrics-jakarta-servlets-4.2.28.jar;C:\Users\ASUS\.m2\repository\io\dropwizard\metrics\metrics-json\4.2.28\metrics-json-4.2.28.jar;C:\Users\ASUS\.m2\repository\com\helger\profiler\1.1.1\profiler-1.1.1.jar;C:\Users\ASUS\.m2\repository\io\dropwizard\metrics\metrics-healthchecks\4.2.28\metrics-healthchecks-4.2.28.jar;C:\Users\ASUS\.m2\repository\io\dropwizard\dropwizard-request-logging\4.0.10\dropwizard-request-logging-4.0.10.jar;C:\Users\ASUS\.m2\repository\ch\qos\logback\logback-access\1.4.14\logback-access-1.4.14.jar;C:\Users\ASUS\.m2\repository\ch\qos\logback\logback-classic\1.4.14\logback-classic-1.4.14.jar;C:\Users\ASUS\.m2\repository\com\fasterxml\jackson\core\jackson-databind\2.17.2\jackson-databind-2.17.2.jar;C:\Users\ASUS\.m2\repository\org\checkerframework\checker-qual\3.48.1\checker-qual-3.48.1.jar;C:\Users\ASUS\.m2\repository\jakarta\servlet\jakarta.servlet-api\5.0.0\jakarta.servlet-api-5.0.0.jar;C:\Users\ASUS\.m2\repository\jakarta\ws\rs\jakarta.ws.rs-api\3.0.0\jakarta.ws.rs-api-3.0.0.jar;C:\Users\ASUS\.m2\repository\net\sourceforge\argparse4j\argparse4j\0.9.0\argparse4j-0.9.0.jar;C:\Users\ASUS\.m2\repository\org\eclipse\jetty\jetty-security\11.0.24\jetty-security-11.0.24.jar;C:\Users\ASUS\.m2\repository\org\eclipse\jetty\jetty-server\11.0.24\jetty-server-11.0.24.jar;C:\Users\ASUS\.m2\repository\org\eclipse\jetty\jetty-servlet\11.0.24\jetty-servlet-11.0.24.jar;C:\Users\ASUS\.m2\repository\org\eclipse\jetty\jetty-util\11.0.24\jetty-util-11.0.24.jar;C:\Users\ASUS\.m2\repository\org\eclipse\jetty\toolchain\setuid\jetty-setuid-java\1.0.4\jetty-setuid-java-1.0.4.jar;C:\Users\ASUS\.m2\repository\jakarta\inject\jakarta.inject-api\2.0.1.MR\jakarta.inject-api-2.0.1.MR.jar;C:\Users\ASUS\.m2\repository\org\glassfish\jersey\core\jersey-common\3.0.16\jersey-common-3.0.16.jar;C:\Users\ASUS\.m2\repository\org\glassfish\hk2\osgi-resource-locator\1.0.3\osgi-resource-locator-1.0.3.jar;C:\Users\ASUS\.m2\repository\org\glassfish\jersey\ext\jersey-bean-validation\3.0.16\jersey-bean-validation-3.0.16.jar;C:\Users\ASUS\.m2\repository\org\slf4j\slf4j-api\2.0.16\slf4j-api-2.0.16.jar;C:\Users\ASUS\.m2\repository\com\fasterxml\jackson\core\jackson-annotations\2.17.2\jackson-annotations-2.17.2.jar;C:\Users\ASUS\.m2\repository\jakarta\validation\jakarta.validation-api\3.0.2\jakarta.validation-api-3.0.2.jar;C:\Users\ASUS\.m2\repository\org\hibernate\validator\hibernate-validator\7.0.5.Final\hibernate-validator-7.0.5.Final.jar;C:\Users\ASUS\.m2\repository\org\jboss\logging\jboss-logging\3.6.1.Final\jboss-logging-3.6.1.Final.jar;C:\Users\ASUS\.m2\repository\com\fasterxml\classmate\1.7.0\classmate-1.7.0.jar;C:\Users\ASUS\.m2\repository\org\junit\jupiter\junit-jupiter\5.11.4\junit-jupiter-5.11.4.jar;C:\Users\ASUS\.m2\repository\org\junit\jupiter\junit-jupiter-api\5.11.3\junit-jupiter-api-5.11.3.jar;C:\Users\ASUS\.m2\repository\org\opentest4j\opentest4j\1.3.0\opentest4j-1.3.0.jar;C:\Users\ASUS\.m2\repository\org\junit\platform\junit-platform-commons\1.11.3\junit-platform-commons-1.11.3.jar;C:\Users\ASUS\.m2\repository\org\apiguardian\apiguardian-api\1.1.2\apiguardian-api-1.1.2.jar;C:\Users\ASUS\.m2\repository\org\junit\jupiter\junit-jupiter-params\5.11.3\junit-jupiter-params-5.11.3.jar;C:\Users\ASUS\.m2\repository\org\junit\jupiter\junit-jupiter-engine\5.11.3\junit-jupiter-engine-5.11.3.jar;C:\Users\ASUS\.m2\repository\org\junit\platform\junit-platform-engine\1.11.3\junit-platform-engine-1.11.3.jar;"/>
    <property name="sun.cpu.endian" value="little"/>
    <property name="user.home" value="C:\Users\ASUS"/>
    <property name="user.language" value="en"/>
    <property name="java.specification.vendor" value="Oracle Corporation"/>
    <property name="java.version.date" value="2024-04-16"/>
    <property name="java.home" value="C:\Program Files\Java\jdk-17"/>
    <property name="file.separator" value="\"/>
    <property name="basedir" value="C:\Users\ASUS\Desktop\Oracle Intern\coin_calculator"/>
    <property name="java.vm.compressedOopsMode" value="Zero based"/>
    <property name="line.separator" value="&#10;"/>
    <property name="java.vm.specification.vendor" value="Oracle Corporation"/>
    <property name="java.specification.name" value="Java Platform API Specification"/>
    <property name="surefire.real.class.path" value="C:\Users\ASUS\AppData\Local\Temp\surefire8812379052274662108\surefirebooter-20250106220026480_3.jar"/>
    <property name="user.script" value=""/>
    <property name="sun.management.compiler" value="HotSpot 64-Bit Tiered Compilers"/>
    <property name="java.runtime.version" value="17.0.11+7-LTS-207"/>
    <property name="user.name" value="ASUS"/>
    <property name="path.separator" value=";"/>
    <property name="os.version" value="10.0"/>
    <property name="java.runtime.name" value="Java(TM) SE Runtime Environment"/>
    <property name="file.encoding" value="Cp1252"/>
    <property name="java.vm.name" value="Java HotSpot(TM) 64-Bit Server VM"/>
    <property name="localRepository" value="C:\Users\ASUS\.m2\repository"/>
    <property name="java.vendor.url.bug" value="https://bugreport.java.com/bugreport/"/>
    <property name="java.io.tmpdir" value="C:\Users\ASUS\AppData\Local\Temp\"/>
    <property name="java.version" value="17.0.11"/>
    <property name="user.dir" value="C:\Users\ASUS\Desktop\Oracle Intern\coin_calculator"/>
    <property name="os.arch" value="amd64"/>
    <property name="java.vm.specification.name" value="Java Virtual Machine Specification"/>
    <property name="sun.os.patch.level" value=""/>
    <property name="native.encoding" value="Cp1252"/>
    <property name="java.library.path" value="C:\Program Files\Java\jdk-17\bin;C:\Windows\Sun\Java\bin;C:\Windows\system32;C:\Windows;C:\ActiveTcl\bin;C:\Program Files (x86)\VMware\VMware Workstation\bin\;C:\Program Files\Java\jdk-17\bin;C:\Program Files\Common Files\Oracle\Java\javapath;C:\Program Files (x86)\Common Files\Oracle\Java\java8path;C:\Program Files (x86)\Common Files\Oracle\Java\javapath;C:\Windows\system32;C:\Windows;C:\Windows\System32\Wbem;C:\Windows\System32\WindowsPowerShell\v1.0\;C:\Windows\System32\OpenSSH\;C:\Program Files (x86)\NVIDIA Corporation\PhysX\Common;C:\Program Files\NVIDIA Corporation\NVIDIA NvDLISR;C:\Program Files\dotnet\;C:\Program Files\Docker\Docker\resources\bin;C:\Users\ASUS\Downloads\apache-jmeter-5.6.3\apache-jmeter-5.6.3\bin;C:\Users\ASUS\AppData\Local\Programs\Python\Python312;C:\Users\ASUS\AppData\Local\Programs\Python\Python312\Scripts;C:\src\flutter\bin;C:\src\Android\SDK\cmdline-tools\tools\bin;C:\src\Android\SDK\platform-tools;C:\Program Files\Git\cmd;C:\Program Files\nodejs\;C:\Spin-master\Bin;C:\Spin-master\optional_gui;C:\cygwin64\bin;C:\Maven\apache-maven-3.9.9-bin\apache-maven-3.9.9\bin;C:\Users\ASUS\AppData\Local\Programs\Python\Launcher\;C:\Users\ASUS\AppData\Local\Microsoft\WindowsApps;C:\Users\ASUS\AppData\Local\Programs\Microsoft VS Code\bin;C:\Users\ASUS\AppData\Local\GitHubDesktop\bin;C:\Users\ASUS\.dotnet\tools;C:\Users\ASUS\AppData\Roaming\npm;."/>
    <property name="java.vm.info" value="mixed mode, sharing"/>
    <property name="java.vendor" value="Oracle Corporation"/>
    <property name="java.vm.version" value="17.0.11+7-LTS-207"/>
    <property name="sun.io.unicode.encoding" value="UnicodeLittle"/>
    <property name="java.class.version" value="61.0"/>
  </properties>
  <testcase name="testZeroTarget" classname="aaron.coin_calculator.api.CoinCalculatorTest" time="0.024"/>
  <testcase name="testInvalidRequest_NullRequest" classname="aaron.coin_calculator.api.CoinCalculatorTest" time="0.001"/>
  <testcase name="testValidInputExample1" classname="aaron.coin_calculator.api.CoinCalculatorTest" time="0.001"/>
  <testcase name="testValidInputExample2" classname="aaron.coin_calculator.api.CoinCalculatorTest" time="0.001"/>
  <testcase name="testTargetNotReachable" classname="aaron.coin_calculator.api.CoinCalculatorTest" time="0.001"/>
  <testcase name="testExactMatch" classname="aaron.coin_calculator.api.CoinCalculatorTest" time="0.002"/>
  <testcase name="testInvalidRequest_EmptyDenominationsList" classname="aaron.coin_calculator.api.CoinCalculatorTest" time="0.001"/>
</testsuite>